[2025-06-10T00:25:38.036Z] === VIDEO PROCESSING CONFIG GENERATED ===
[2025-06-10T00:25:38.037Z] Job ID: c5049850-25f5-4e8b-8d86-73d363034af3
[2025-06-10T00:25:38.037Z] Input File: /Users/henryoman/Documents/Cursor/video-remixer/uploads/video_1749515137367.mp4
[2025-06-10T00:25:38.037Z] Output File: /Users/henryoman/Documents/Cursor/video-remixer/outputs/output-c5049850-25f5-4e8b-8d86-73d363034af3.mp4
[2025-06-10T00:25:38.037Z] Video Duration: 11.50s
[2025-06-10T00:25:38.037Z] Selected Filter: color_mix_1 - Cool Tone
[2025-06-10T00:25:38.037Z] Clip: 0.19s - 11.41s (11.22s of 11.50s)
[2025-06-10T00:25:38.037Z] Speed: 1x
[2025-06-10T00:25:38.038Z] Full Config: {
  "jobId": "c5049850-25f5-4e8b-8d86-73d363034af3",
  "inputFile": "/Users/henryoman/Documents/Cursor/video-remixer/uploads/video_1749515137367.mp4",
  "outputFile": "/Users/henryoman/Documents/Cursor/video-remixer/outputs/output-c5049850-25f5-4e8b-8d86-73d363034af3.mp4",
  "filter": {
    "id": "color_mix_1",
    "name": "Cool Tone",
    "description": "Very subtle cool shift",
    "parameters": {
      "colorTemperature": -12,
      "intensity": 0.05
    }
  },
  "clip": {
    "start": 0.18865317918210606,
    "end": 11.408310198162653
  },
  "speed": 1
}
[2025-06-10T00:25:38.038Z] Config saved to: /Users/henryoman/Documents/Cursor/video-remixer/config/generated/c5049850-25f5-4e8b-8d86-73d363034af3.json
[2025-06-10T00:25:38.038Z] === CONFIG GENERATION COMPLETE ===
[2025-06-10T00:25:38.038Z] === STARTING VIDEO PROCESSING ===
[2025-06-10T00:25:38.039Z] Job ID: c5049850-25f5-4e8b-8d86-73d363034af3
[2025-06-10T00:25:38.039Z] Looking for config at: /Users/henryoman/Documents/Cursor/video-remixer/config/generated/c5049850-25f5-4e8b-8d86-73d363034af3.json
[2025-06-10T00:25:38.039Z] Loaded job config: {
  "jobId": "c5049850-25f5-4e8b-8d86-73d363034af3",
  "inputFile": "/Users/henryoman/Documents/Cursor/video-remixer/uploads/video_1749515137367.mp4",
  "outputFile": "/Users/henryoman/Documents/Cursor/video-remixer/outputs/output-c5049850-25f5-4e8b-8d86-73d363034af3.mp4",
  "filter": {
    "id": "color_mix_1",
    "name": "Cool Tone",
    "description": "Very subtle cool shift",
    "parameters": {
      "colorTemperature": -12,
      "intensity": 0.05
    }
  },
  "clip": {
    "start": 0.18865317918210606,
    "end": 11.408310198162653
  },
  "speed": 1
}
[2025-06-10T00:25:38.039Z] Loading master config files...
[2025-06-10T00:25:38.039Z] Loaded defineParameters: {
  "filters": [
    {
      "id": "original",
      "name": "Original",
      "description": "No color changes",
      "parameters": {}
    },
    {
      "id": "black_and_white",
      "name": "Black & White",
      "description": "Desaturate to grayscale",
      "parameters": {
        "saturation": 0
      }
    },
    {
      "id": "color_mix_1",
      "name": "Cool Tone",
      "description": "Very subtle cool shift",
      "parameters": {
        "colorTemperature": -12,
        "intensity": 0.05
      }
    },
    {
      "id": "color_mix_2",
      "name": "Warm Tone",
      "description": "Very subtle warm shift",
      "parameters": {
        "colorTemperature": 12,
        "intensity": 0.05
      }
    }
  ],
  "clipLength": {
    "minFraction": 0.94,
    "maxFraction": 0.98
  },
  "randomization": {
    "filterProbabilities": {
      "original": 0,
      "black_and_white": 0.4,
      "color_mix_1": 0.3,
      "color_mix_2": 0.3
    },
    "speed": {
      "probability": 0,
      "options": [
        0.95,
        1,
        1.05
      ]
    }
  }
}
[2025-06-10T00:25:38.039Z] Loaded editPreferences: {
  "filters": {
    "original": false,
    "black_and_white": true,
    "color_mix_1": true,
    "color_mix_2": true
  },
  "randomizeSpeed": false,
  "randomizeClip": true,
  "clipLength": {
    "min": 0.94,
    "max": 0.98
  }
}
[2025-06-10T00:25:38.039Z] === BUILDING FFMPEG COMMAND ===
[2025-06-10T00:25:38.039Z] Input File: /Users/henryoman/Documents/Cursor/video-remixer/uploads/video_1749515137367.mp4
[2025-06-10T00:25:38.040Z] Output File: /Users/henryoman/Documents/Cursor/video-remixer/outputs/output-c5049850-25f5-4e8b-8d86-73d363034af3.mp4
[2025-06-10T00:25:38.040Z] Filter: color_mix_1
[2025-06-10T00:25:38.040Z] Clip: 0.18865317918210606s - 11.408310198162653s
[2025-06-10T00:25:38.040Z] Base command: ffmpeg -y -i "/Users/henryoman/Documents/Cursor/video-remixer/uploads/video_1749515137367.mp4"
[2025-06-10T00:25:38.040Z] Added clipping: -ss 0.18865317918210606 -to 11.408310198162653
[2025-06-10T00:25:38.040Z] Filter color_mix_1 is enabled in preferences
[2025-06-10T00:25:38.040Z] Found filter definition: {"id":"color_mix_1","name":"Cool Tone","description":"Very subtle cool shift","parameters":{"colorTemperature":-12,"intensity":0.05}}
[2025-06-10T00:25:38.040Z] Added color filter:  -vf "hue=h=-0.02:s=1"
[2025-06-10T00:25:38.040Z] === FINAL FFMPEG COMMAND ===
[2025-06-10T00:25:38.040Z] ffmpeg -y -i "/Users/henryoman/Documents/Cursor/video-remixer/uploads/video_1749515137367.mp4" -ss 0.18865317918210606 -to 11.408310198162653 -vf "hue=h=-0.02:s=1" -c:a copy "/Users/henryoman/Documents/Cursor/video-remixer/outputs/output-c5049850-25f5-4e8b-8d86-73d363034af3.mp4"
[2025-06-10T00:25:38.041Z] === EXECUTING FFMPEG ===
[2025-06-10T00:25:38.784Z] FFmpeg SUCCESS!
[2025-06-10T00:25:38.785Z] FFmpeg STDOUT: 
[2025-06-10T00:25:38.786Z] FFmpeg STDERR: ffmpeg version 7.1.1 Copyright (c) 2000-2025 the FFmpeg developers
  built with Apple clang version 17.0.0 (clang-1700.0.13.3)
  configuration: --prefix=/opt/homebrew/Cellar/ffmpeg/7.1.1_3 --enable-shared --enable-pthreads --enable-version3 --cc=clang --host-cflags= --host-ldflags='-Wl,-ld_classic' --enable-ffplay --enable-gnutls --enable-gpl --enable-libaom --enable-libaribb24 --enable-libbluray --enable-libdav1d --enable-libharfbuzz --enable-libjxl --enable-libmp3lame --enable-libopus --enable-librav1e --enable-librist --enable-librubberband --enable-libsnappy --enable-libsrt --enable-libssh --enable-libsvtav1 --enable-libtesseract --enable-libtheora --enable-libvidstab --enable-libvmaf --enable-libvorbis --enable-libvpx --enable-libwebp --enable-libx264 --enable-libx265 --enable-libxml2 --enable-libxvid --enable-lzma --enable-libfontconfig --enable-libfreetype --enable-frei0r --enable-libass --enable-libopencore-amrnb --enable-libopencore-amrwb --enable-libopenjpeg --enable-libspeex --enable-libsoxr --enable-libzmq --enable-libzimg --disable-libjack --disable-indev=jack --enable-videotoolbox --enable-audiotoolbox --enable-neon
  libavutil      59. 39.100 / 59. 39.100
  libavcodec     61. 19.101 / 61. 19.101
  libavformat    61.  7.100 / 61.  7.100
  libavdevice    61.  3.100 / 61.  3.100
  libavfilter    10.  4.100 / 10.  4.100
  libswscale      8.  3.100 /  8.  3.100
  libswresample   5.  3.100 /  5.  3.100
  libpostproc    58.  3.100 / 58.  3.100
Input #0, mov,mp4,m4a,3gp,3g2,mj2, from '/Users/henryoman/Documents/Cursor/video-remixer/uploads/video_1749515137367.mp4':
  Metadata:
    major_brand     : isom
    minor_version   : 512
    compatible_brands: isomiso2avc1mp41
    encoder         : Lavf58.76.100
  Duration: 00:00:11.50, start: 0.000000, bitrate: 2768 kb/s
  Stream #0:0[0x1](und): Video: h264 (High) (avc1 / 0x31637661), yuv420p(tv, bt709, progressive), 576x1024 [SAR 1:1 DAR 9:16], 2783 kb/s, 29.15 fps, 30 tbr, 15360 tbn (default)
      Metadata:
        handler_name    : VideoHandler
        vendor_id       : [0][0][0][0]
  Stream #0:1[0x2](und): Audio: aac (HE-AACv2) (mp4a / 0x6134706D), 44100 Hz, stereo, fltp, 35 kb/s (default)
      Metadata:
        handler_name    : SoundHandler
        vendor_id       : [0][0][0][0]
Stream mapping:
  Stream #0:0 -> #0:0 (h264 (native) -> h264 (libx264))
  Stream #0:1 -> #0:1 (copy)
Press [q] to stop, [?] for help
[libx264 @ 0x14d205f00] using SAR=1/1
[libx264 @ 0x14d205f00] using cpu capabilities: ARMv8 NEON
[libx264 @ 0x14d205f00] profile High, level 3.1, 4:2:0, 8-bit
[libx264 @ 0x14d205f00] 264 - core 164 r3108 31e19f9 - H.264/MPEG-4 AVC codec - Copyleft 2003-2023 - http://www.videolan.org/x264.html - options: cabac=1 ref=3 deblock=1:0:0 analyse=0x3:0x113 me=hex subme=7 psy=1 psy_rd=1.00:0.00 mixed_ref=1 me_range=16 chroma_me=1 trellis=1 8x8dct=1 cqm=0 deadzone=21,11 fast_pskip=1 chroma_qp_offset=-2 threads=18 lookahead_threads=3 sliced_threads=0 nr=0 decimate=1 interlaced=0 bluray_compat=0 constrained_intra=0 bframes=3 b_pyramid=2 b_adapt=1 b_bias=0 direct=1 weightb=1 open_gop=0 weightp=2 keyint=250 keyint_min=25 scenecut=40 intra_refresh=0 rc_lookahead=40 rc=crf mbtree=1 crf=23.0 qcomp=0.60 qpmin=0 qpmax=69 qpstep=4 ip_ratio=1.40 aq=1:1.00
Output #0, mp4, to '/Users/henryoman/Documents/Cursor/video-remixer/outputs/output-c5049850-25f5-4e8b-8d86-73d363034af3.mp4':
  Metadata:
    major_brand     : isom
    minor_version   : 512
    compatible_brands: isomiso2avc1mp41
    encoder         : Lavf61.7.100
  Stream #0:0(und): Video: h264 (avc1 / 0x31637661), yuv420p(tv, bt709, progressive), 576x1024 [SAR 1:1 DAR 9:16], q=2-31, 30 fps, 15360 tbn (default)
      Metadata:
        handler_name    : VideoHandler
        vendor_id       : [0][0][0][0]
        encoder         : Lavc61.19.101 libx264
      Side data:
        cpb: bitrate max/min/avg: 0/0/0 buffer size: 0 vbv_delay: N/A
  Stream #0:1(und): Audio: aac (HE-AACv2) (mp4a / 0x6134706D), 44100 Hz, stereo, fltp, 35 kb/s (default)
      Metadata:
        handler_name    : SoundHandler
        vendor_id       : [0][0][0][0]
frame=  138 fps=0.0 q=29.0 size=    3072KiB time=00:00:04.53 bitrate=5551.4kbits/s speed=8.98x    [out#0/mp4 @ 0x14d205000] video:4172KiB audio:49KiB subtitle:0KiB other streams:0KiB global headers:0KiB muxing overhead: 0.245561%
frame=  327 fps=0.0 q=-1.0 Lsize=    4231KiB time=00:00:11.16 bitrate=3103.9kbits/s speed=16.5x    
[libx264 @ 0x14d205f00] frame I:3     Avg QP:18.23  size: 70172
[libx264 @ 0x14d205f00] frame P:96    Avg QP:22.24  size: 29225
[libx264 @ 0x14d205f00] frame B:228   Avg QP:24.97  size:  5505
[libx264 @ 0x14d205f00] consecutive B-frames:  4.0%  8.0%  3.7% 84.4%
[libx264 @ 0x14d205f00] mb I  I16..4: 23.1% 51.1% 25.9%
[libx264 @ 0x14d205f00] mb P  I16..4:  1.7%  8.3%  1.8%  P16..4: 22.5% 14.1% 11.9%  0.0%  0.0%    skip:39.7%
[libx264 @ 0x14d205f00] mb B  I16..4:  0.1%  0.5%  0.1%  B16..8: 22.1%  7.3%  3.5%  direct: 1.0%  skip:65.3%  L0:33.9% L1:44.1% BI:21.9%
[libx264 @ 0x14d205f00] 8x8 transform intra:66.6% inter:58.2%
[libx264 @ 0x14d205f00] coded y,uvDC,uvAC intra: 64.3% 48.5% 18.4% inter: 14.1% 7.0% 0.4%
[libx264 @ 0x14d205f00] i16 v,h,dc,p: 43% 24%  8% 25%
[libx264 @ 0x14d205f00] i8 v,h,dc,ddl,ddr,vr,hd,vl,hu: 25% 13% 20%  6%  7%  8%  6%  8%  7%
[libx264 @ 0x14d205f00] i4 v,h,dc,ddl,ddr,vr,hd,vl,hu: 24% 13% 16%  7%  9% 10%  7%  8%  7%
[libx264 @ 0x14d205f00] i8c dc,h,v,p: 62% 15% 18%  5%
[libx264 @ 0x14d205f00] Weighted P-Frames: Y:6.2% UV:0.0%
[libx264 @ 0x14d205f00] ref P L0: 65.6% 17.9% 11.7%  4.4%  0.4%
[libx264 @ 0x14d205f00] ref B L0: 94.2%  4.7%  1.1%
[libx264 @ 0x14d205f00] ref B L1: 98.1%  1.9%
[libx264 @ 0x14d205f00] kb/s:3041.88

[2025-06-10T00:25:38.789Z] === VIDEO PROCESSING COMPLETE ===
[2025-06-10T00:25:38.793Z] Job ID: c5049850-25f5-4e8b-8d86-73d363034af3
[2025-06-10T00:25:38.805Z] Output file: /Users/henryoman/Documents/Cursor/video-remixer/outputs/output-c5049850-25f5-4e8b-8d86-73d363034af3.mp4
[2025-06-10T00:25:38.815Z] Status: SUCCESS
